Server has started.
server_address: http://localhost:8074
x64
D:\workspace\ReliableSpider2\electronJS\chrome_win64\chromedriver_win64.exe D:\workspace\ReliableSpider2\electronJS\chrome_win64\chrome.exe D:\workspace\ReliableSpider2\electronJS\chrome_win64\execute_win64.bat
win32
Server listening on http://localhost:8075
Server has started.
server_address: http://localhost:8074
x64
D:\workspace\ReliableSpider2\electronJS\chrome_win64\chromedriver_win64.exe D:\workspace\ReliableSpider2\electronJS\chrome_win64\chrome.exe D:\workspace\ReliableSpider2\electronJS\chrome_win64\execute_win64.bat
win32
Server listening on http://localhost:8075
Server has started.
server_address: http://localhost:8074
x64
D:\workspace\ReliableSpider2\electronJS\chrome_win64\chromedriver_win64.exe D:\workspace\ReliableSpider2\electronJS\chrome_win64\chrome.exe D:\workspace\ReliableSpider2\electronJS\chrome_win64\execute_win64.bat
win32
Server listening on http://localhost:8075
Server has started.
server_address: http://localhost:8074
x64
D:\workspace\ReliableSpider2\electronJS\chrome_win64\chromedriver_win64.exe D:\workspace\ReliableSpider2\electronJS\chrome_win64\chrome.exe D:\workspace\ReliableSpider2\electronJS\chrome_win64\execute_win64.bat
win32
Server listening on http://localhost:8075
Server has started.
server_address: http://localhost:8074
x64
D:\workspace\ReliableSpider2\electronJS\chrome_win64\chromedriver_win64.exe D:\workspace\ReliableSpider2\electronJS\chrome_win64\chrome.exe D:\workspace\ReliableSpider2\electronJS\chrome_win64\execute_win64.bat
win32
Server listening on http://localhost:8075
Server has started.
server_address: http://localhost:8074
x64
D:\workspace\ReliableSpider2\electronJS\chrome_win64\chromedriver_win64.exe D:\workspace\ReliableSpider2\electronJS\chrome_win64\chrome.exe D:\workspace\ReliableSpider2\electronJS\chrome_win64\execute_win64.bat
win32
Server listening on http://localhost:8075
Server has started.
server_address: http://localhost:8074
x64
D:\workspace\ReliableSpider2\electronJS\chrome_win64\chromedriver_win64.exe D:\workspace\ReliableSpider2\electronJS\chrome_win64\chrome.exe D:\workspace\ReliableSpider2\electronJS\chrome_win64\execute_win64.bat
win32
Server listening on http://localhost:8075
Server has started.
server_address: http://localhost:8074
x64
D:\workspace\ReliableSpider2\electronJS\chrome_win64\chromedriver_win64.exe D:\workspace\ReliableSpider2\electronJS\chrome_win64\chrome.exe D:\workspace\ReliableSpider2\electronJS\chrome_win64\execute_win64.bat
win32
Server listening on http://localhost:8075
Server has started.
server_address: http://localhost:8074
x64
D:\workspace\ReliableSpider2\electronJS\chrome_win64\chromedriver_win64.exe D:\workspace\ReliableSpider2\electronJS\chrome_win64\chrome.exe D:\workspace\ReliableSpider2\electronJS\chrome_win64\execute_win64.bat
win32
Server listening on http://localhost:8075
Server has started.
server_address: http://localhost:8074
x64
D:\workspace\ReliableSpider2\electronJS\chrome_win64\chromedriver_win64.exe D:\workspace\ReliableSpider2\electronJS\chrome_win64\chrome.exe D:\workspace\ReliableSpider2\electronJS\chrome_win64\execute_win64.bat
win32
Server listening on http://localhost:8075
Server has started.
server_address: http://localhost:8074
x64
D:\workspace\ReliableSpider2\electronJS\chrome_win64\chromedriver_win64.exe D:\workspace\ReliableSpider2\electronJS\chrome_win64\chrome.exe D:\workspace\ReliableSpider2\electronJS\chrome_win64\execute_win64.bat
win32
Server listening on http://localhost:8075
Server has started.
server_address: http://localhost:8074
x64
D:\workspace\ReliableSpider2\electronJS\chrome_win64\chromedriver_win64.exe D:\workspace\ReliableSpider2\electronJS\chrome_win64\chrome.exe D:\workspace\ReliableSpider2\electronJS\chrome_win64\execute_win64.bat
win32
Server listening on http://localhost:8075
Server has started.
server_address: http://localhost:8074
x64
D:\workspace\ReliableSpider2\electronJS\chrome_win64\chromedriver_win64.exe D:\workspace\ReliableSpider2\electronJS\chrome_win64\chrome.exe D:\workspace\ReliableSpider2\electronJS\chrome_win64\execute_win64.bat
win32
Server listening on http://localhost:8075
Server has started.
server_address: http://localhost:8074
x64
D:\workspace\ReliableSpider2\electronJS\chrome_win64\chromedriver_win64.exe D:\workspace\ReliableSpider2\electronJS\chrome_win64\chrome.exe D:\workspace\ReliableSpider2\electronJS\chrome_win64\execute_win64.bat
win32
Server listening on http://localhost:8075
Server has started.
server_address: http://localhost:8074
x64
D:\workspace\ReliableSpider2\electronJS\chrome_win64\chromedriver_win64.exe D:\workspace\ReliableSpider2\electronJS\chrome_win64\chrome.exe D:\workspace\ReliableSpider2\electronJS\chrome_win64\execute_win64.bat
win32
Server listening on http://localhost:8075
Server has started.
server_address: http://localhost:8074
x64
D:\workspace\ReliableSpider2\electronJS\chrome_win64\chromedriver_win64.exe D:\workspace\ReliableSpider2\electronJS\chrome_win64\chrome.exe D:\workspace\ReliableSpider2\electronJS\chrome_win64\execute_win64.bat
win32
Server listening on http://localhost:8075
Server has started.
server_address: http://localhost:8074
x64
D:\workspace\ReliableSpider2\electronJS\chrome_win64\chromedriver_win64.exe D:\workspace\ReliableSpider2\electronJS\chrome_win64\chrome.exe D:\workspace\ReliableSpider2\electronJS\chrome_win64\execute_win64.bat
win32
Server listening on http://localhost:8075
Server has started.
server_address: http://localhost:8074
x64
D:\workspace\ReliableSpider2\electronJS\chrome_win64\chromedriver_win64.exe D:\workspace\ReliableSpider2\electronJS\chrome_win64\chrome.exe D:\workspace\ReliableSpider2\electronJS\chrome_win64\execute_win64.bat
win32
Server listening on http://localhost:8075
Server has started.
server_address: http://localhost:8074
x64
D:\workspace\ReliableSpider2\electronJS\chrome_win64\chromedriver_win64.exe D:\workspace\ReliableSpider2\electronJS\chrome_win64\chrome.exe D:\workspace\ReliableSpider2\electronJS\chrome_win64\execute_win64.bat
win32
Server listening on http://localhost:8075
Server has started.
server_address: http://localhost:8074
x64
D:\workspace\ReliableSpider2\electronJS\chrome_win64\chromedriver_win64.exe D:\workspace\ReliableSpider2\electronJS\chrome_win64\chrome.exe D:\workspace\ReliableSpider2\electronJS\chrome_win64\execute_win64.bat
win32
Server listening on http://localhost:8075
Server has started.
server_address: http://localhost:8074
x64
D:\workspace\ReliableSpider2\electronJS\chrome_win64\chromedriver_win64.exe D:\workspace\ReliableSpider2\electronJS\chrome_win64\chrome.exe D:\workspace\ReliableSpider2\electronJS\chrome_win64\execute_win64.bat
win32
Server listening on http://localhost:8075
Server has started.
server_address: http://localhost:8074
x64
D:\workspace\ReliableSpider2\electronJS\chrome_win64\chromedriver_win64.exe D:\workspace\ReliableSpider2\electronJS\chrome_win64\chrome.exe D:\workspace\ReliableSpider2\electronJS\chrome_win64\execute_win64.bat
win32
Server listening on http://localhost:8075
Server has started.
server_address: http://localhost:8074
x64
D:\workspace\ReliableSpider2\electronJS\chrome_win64\chromedriver_win64.exe D:\workspace\ReliableSpider2\electronJS\chrome_win64\chrome.exe D:\workspace\ReliableSpider2\electronJS\chrome_win64\execute_win64.bat
win32
Server listening on http://localhost:8075
Server has started.
server_address: http://localhost:8074
x64
D:\workspace\ReliableSpider2\electronJS\chrome_win64\chromedriver_win64.exe D:\workspace\ReliableSpider2\electronJS\chrome_win64\chrome.exe D:\workspace\ReliableSpider2\electronJS\chrome_win64\execute_win64.bat
win32
Server listening on http://localhost:8075
Server has started.
server_address: http://localhost:8074
x64
D:\workspace\ReliableSpider2\electronJS\chrome_win64\chromedriver_win64.exe D:\workspace\ReliableSpider2\electronJS\chrome_win64\chrome.exe D:\workspace\ReliableSpider2\electronJS\chrome_win64\execute_win64.bat
win32
Server listening on http://localhost:8075
Server has started.
server_address: http://localhost:8074
x64
D:\workspace\ReliableSpider2\electronJS\chrome_win64\chromedriver_win64.exe D:\workspace\ReliableSpider2\electronJS\chrome_win64\chrome.exe D:\workspace\ReliableSpider2\electronJS\chrome_win64\execute_win64.bat
win32
Server listening on http://localhost:8075
Server has started.
server_address: http://localhost:8074
x64
D:\workspace\ReliableSpider2\electronJS\chrome_win64\chromedriver_win64.exe D:\workspace\ReliableSpider2\electronJS\chrome_win64\chrome.exe D:\workspace\ReliableSpider2\electronJS\chrome_win64\execute_win64.bat
win32
Server listening on http://localhost:8075
Server has started.
server_address: http://localhost:8074
x64
D:\workspace\ReliableSpider2\electronJS\chrome_win64\chromedriver_win64.exe D:\workspace\ReliableSpider2\electronJS\chrome_win64\chrome.exe D:\workspace\ReliableSpider2\electronJS\chrome_win64\execute_win64.bat
win32
Server has started.
server_address: http://localhost:8074
x64
D:\workspace\ReliableSpider2\electronJS\chrome_win64\chromedriver_win64.exe D:\workspace\ReliableSpider2\electronJS\chrome_win64\chrome.exe D:\workspace\ReliableSpider2\electronJS\chrome_win64\execute_win64.bat
win32
Server listening on http://localhost:8075
Server has started.
server_address: http://localhost:8074
x64
D:\workspace\ReliableSpider2\electronJS\chrome_win64\chromedriver_win64.exe D:\workspace\ReliableSpider2\electronJS\chrome_win64\chrome.exe D:\workspace\ReliableSpider2\electronJS\chrome_win64\execute_win64.bat
win32
Server listening on http://localhost:8075
Server has started.
server_address: http://localhost:8074
x64
D:\workspace\ReliableSpider2\electronJS\chrome_win64\chromedriver_win64.exe D:\workspace\ReliableSpider2\electronJS\chrome_win64\chrome.exe D:\workspace\ReliableSpider2\electronJS\chrome_win64\execute_win64.bat
win32
Server listening on http://localhost:8075
Server has started.
server_address: http://localhost:8074
x64
D:\workspace\ReliableSpider2\electronJS\chrome_win64\chromedriver_win64.exe D:\workspace\ReliableSpider2\electronJS\chrome_win64\chrome.exe D:\workspace\ReliableSpider2\electronJS\chrome_win64\execute_win64.bat
win32
Server listening on http://localhost:8075
Server has started.
server_address: http://localhost:8074
x64
D:\workspace\ReliableSpider2\electronJS\chrome_win64\chromedriver_win64.exe D:\workspace\ReliableSpider2\electronJS\chrome_win64\chrome.exe D:\workspace\ReliableSpider2\electronJS\chrome_win64\execute_win64.bat
win32
Server listening on http://localhost:8075
Watched paths: {
  [32m'.'[39m: [
    [32m'main.js'[39m
  ]
}
Watched paths: {
  [32m'.'[39m: [
    [32m'main.js'[39m,
    [32m'server.js'[39m
  ]
}
Server has started.
server_address: http://localhost:8074
x64
D:\workspace\ReliableSpider2\electronJS\chrome_win64\chromedriver_win64.exe D:\workspace\ReliableSpider2\electronJS\chrome_win64\chrome.exe D:\workspace\ReliableSpider2\electronJS\chrome_win64\execute_win64.bat
win32
Server listening on http://localhost:8075
Watched paths: {
  [32m'.'[39m: [
    [32m'main.js'[39m,
    [32m'server.js'[39m
  ]
}
Server has started.
server_address: http://localhost:8074
x64
D:\workspace\ReliableSpider2\electronJS\chrome_win64\chromedriver_win64.exe D:\workspace\ReliableSpider2\electronJS\chrome_win64\chrome.exe D:\workspace\ReliableSpider2\electronJS\chrome_win64\execute_win64.bat
win32
Server listening on http://localhost:8075
Watched paths: {
  [32m'.'[39m: [
    [32m'main.js'[39m
  ]
}
Watched paths: {
  [32m'.'[39m: [
    [32m'main.js'[39m,
    [32m'server.js'[39m
  ]
}
Server has started.
server_address: http://localhost:8074
x64
D:\workspace\ReliableSpider2\electronJS\chrome_win64\chromedriver_win64.exe D:\workspace\ReliableSpider2\electronJS\chrome_win64\chrome.exe D:\workspace\ReliableSpider2\electronJS\chrome_win64\execute_win64.bat
win32
Server listening on http://localhost:8075
Watched paths: {
  [32m'.'[39m: [
    [32m'main.js'[39m
  ]
}
Watched paths: {
  [32m'.'[39m: [
    [32m'main.js'[39m,
    [32m'server.js'[39m
  ]
}
Server has started.
server_address: http://localhost:8074
x64
D:\workspace\ReliableSpider2\electronJS\chrome_win64\chromedriver_win64.exe D:\workspace\ReliableSpider2\electronJS\chrome_win64\chrome.exe D:\workspace\ReliableSpider2\electronJS\chrome_win64\execute_win64.bat
win32
Server listening on http://localhost:8075
Watched paths: {
  [32m'.'[39m: [
    [32m'main.js'[39m
  ]
}
Watched paths: {
  [32m'.'[39m: [
    [32m'main.js'[39m,
    [32m'server.js'[39m
  ]
}
Server has started.
server_address: http://localhost:8074
x64
D:\workspace\ReliableSpider2\electronJS\chrome_win64\chromedriver_win64.exe D:\workspace\ReliableSpider2\electronJS\chrome_win64\chrome.exe D:\workspace\ReliableSpider2\electronJS\chrome_win64\execute_win64.bat
win32
Server listening on http://localhost:8075
Watched paths: {
  [32m'.'[39m: [
    [32m'main.js'[39m
  ]
}
Watched paths: {
  [32m'.'[39m: [
    [32m'main.js'[39m,
    [32m'server.js'[39m
  ]
}
Server has started.
server_address: http://localhost:8074
x64
D:\workspace\ReliableSpider2\electronJS\chrome_win64\chromedriver_win64.exe D:\workspace\ReliableSpider2\electronJS\chrome_win64\chrome.exe D:\workspace\ReliableSpider2\electronJS\chrome_win64\execute_win64.bat
win32
Server listening on http://localhost:8075
Watched paths: {
  [32m'.'[39m: [
    [32m'main.js'[39m
  ]
}
Watched paths: {
  [32m'.'[39m: [
    [32m'main.js'[39m,
    [32m'server.js'[39m
  ]
}
Server has started.
server_address: http://localhost:8074
x64
D:\workspace\ReliableSpider2\electronJS\chrome_win64\chromedriver_win64.exe D:\workspace\ReliableSpider2\electronJS\chrome_win64\chrome.exe D:\workspace\ReliableSpider2\electronJS\chrome_win64\execute_win64.bat
win32
Server listening on http://localhost:8075
Server has started.
server_address: http://localhost:8074
x64
D:\workspace\ReliableSpider2\electronJS\chrome_win64\chromedriver_win64.exe D:\workspace\ReliableSpider2\electronJS\chrome_win64\chrome.exe D:\workspace\ReliableSpider2\electronJS\chrome_win64\execute_win64.bat
win32
Server listening on http://localhost:8075
Server has started.
server_address: http://localhost:8074
x64
D:\workspace\ReliableSpider2\electronJS\chrome_win64\chromedriver_win64.exe D:\workspace\ReliableSpider2\electronJS\chrome_win64\chrome.exe D:\workspace\ReliableSpider2\electronJS\chrome_win64\execute_win64.bat
win32
Server listening on http://localhost:8075
Server has started.
server_address: http://localhost:8074
x64
D:\workspace\ReliableSpider2\electronJS\chrome_win64\chromedriver_win64.exe D:\workspace\ReliableSpider2\electronJS\chrome_win64\chrome.exe D:\workspace\ReliableSpider2\electronJS\chrome_win64\execute_win64.bat
win32
Server listening on http://localhost:8075
Server has started.
server_address: http://localhost:8074
x64
D:\workspace\ReliableSpider2\electronJS\chrome_win64\chromedriver_win64.exe D:\workspace\ReliableSpider2\electronJS\chrome_win64\chrome.exe D:\workspace\ReliableSpider2\electronJS\chrome_win64\execute_win64.bat
win32
Server listening on http://localhost:8075
Server has started.
server_address: http://localhost:8074
x64
D:\workspace\ReliableSpider2\electronJS\chrome_win64\chromedriver_win64.exe D:\workspace\ReliableSpider2\electronJS\chrome_win64\chrome.exe D:\workspace\ReliableSpider2\electronJS\chrome_win64\execute_win64.bat
win32
Server listening on http://localhost:8075
Server has started.
server_address: http://localhost:8074
x64
D:\workspace\ReliableSpider2\electronJS\chrome_win64\chromedriver_win64.exe D:\workspace\ReliableSpider2\electronJS\chrome_win64\chrome.exe D:\workspace\ReliableSpider2\electronJS\chrome_win64\execute_win64.bat
win32
Server listening on http://localhost:8075
Server has started.
server_address: http://localhost:8074
x64
D:\workspace\ReliableSpider2\electronJS\chrome_win64\chromedriver_win64.exe D:\workspace\ReliableSpider2\electronJS\chrome_win64\chrome.exe D:\workspace\ReliableSpider2\electronJS\chrome_win64\execute_win64.bat
win32
Server listening on http://localhost:8075
Server has started.
server_address: http://localhost:8074
x64
D:\workspace\ReliableSpider2\electronJS\chrome_win64\chromedriver_win64.exe D:\workspace\ReliableSpider2\electronJS\chrome_win64\chrome.exe D:\workspace\ReliableSpider2\electronJS\chrome_win64\execute_win64.bat
win32
Server listening on http://localhost:8075
Server has started.
server_address: http://localhost:8074
x64
D:\workspace\ReliableSpider2\electronJS\chrome_win64\chromedriver_win64.exe D:\workspace\ReliableSpider2\electronJS\chrome_win64\chrome.exe D:\workspace\ReliableSpider2\electronJS\chrome_win64\execute_win64.bat
win32
Server listening on http://localhost:8075
Server has started.
server_address: http://localhost:8074
x64
D:\workspace\ReliableSpider2\electronJS\chrome_win64\chromedriver_win64.exe D:\workspace\ReliableSpider2\electronJS\chrome_win64\chrome.exe D:\workspace\ReliableSpider2\electronJS\chrome_win64\execute_win64.bat
win32
Server listening on http://localhost:8075
